# JRE version: Java(TM) SE Runtime Environment (8.0_211-b12) (build 1.8.0_211-b12)
# Java VM: Java HotSpot(TM) 64-Bit Server VM (25.211-b12 mixed mode linux-amd64 compressed oops)
Heap:
 PSYoungGen      total 592384K, used 5824K [0x00000000d8500000, 0x00000000fd480000, 0x0000000100000000)
  eden space 579072K, 0% used [0x00000000d8500000,0x00000000d8500000,0x00000000fba80000)
  from space 13312K, 43% used [0x00000000fba80000,0x00000000fc030060,0x00000000fc780000)
  to   space 8704K, 0% used [0x00000000fcc00000,0x00000000fcc00000,0x00000000fd480000)
 ParOldGen       total 129024K, used 68261K [0x0000000088e00000, 0x0000000090c00000, 0x00000000d8500000)
  object space 129024K, 52% used [0x0000000088e00000,0x000000008d0a9618,0x0000000090c00000)
 Metaspace       used 71562K, capacity 74692K, committed 74904K, reserved 1114112K
  class space    used 9271K, capacity 9784K, committed 9904K, reserved 1048576K
GC Heap History (10 events):
Event: 345.374 GC heap after
Heap after GC invocations=83 (full 3):
 PSYoungGen      total 510464K, used 9281K [0x00000000d8500000, 0x00000000f8900000, 0x0000000100000000)
  eden space 495104K, 0% used [0x00000000d8500000,0x00000000d8500000,0x00000000f6880000)
  from space 15360K, 60% used [0x00000000f7800000,0x00000000f8110580,0x00000000f8700000)
  to   space 15872K, 0% used [0x00000000f6880000,0x00000000f6880000,0x00000000f7800000)
 ParOldGen       total 129024K, used 64281K [0x0000000088e00000, 0x0000000090c00000, 0x00000000d8500000)
  object space 129024K, 49% used [0x0000000088e00000,0x000000008ccc6598,0x0000000090c00000)
 Metaspace       used 71561K, capacity 74692K, committed 74904K, reserved 1114112K
  class space    used 9271K, capacity 9784K, committed 9904K, reserved 1048576K
}
Event: 348.482 GC heap before
{Heap before GC invocations=84 (full 3):
 PSYoungGen      total 510464K, used 504385K [0x00000000d8500000, 0x00000000f8900000, 0x0000000100000000)
  eden space 495104K, 100% used [0x00000000d8500000,0x00000000f6880000,0x00000000f6880000)
  from space 15360K, 60% used [0x00000000f7800000,0x00000000f8110580,0x00000000f8700000)
  to   space 15872K, 0% used [0x00000000f6880000,0x00000000f6880000,0x00000000f7800000)
 ParOldGen       total 129024K, used 64281K [0x0000000088e00000, 0x0000000090c00000, 0x00000000d8500000)
  object space 129024K, 49% used [0x0000000088e00000,0x000000008ccc6598,0x0000000090c00000)
 Metaspace       used 71561K, capacity 74692K, committed 74904K, reserved 1114112K
  class space    used 9271K, capacity 9784K, committed 9904K, reserved 1048576K
Event: 348.544 GC heap after
Heap after GC invocations=84 (full 3):
 PSYoungGen      total 510976K, used 5504K [0x00000000d8500000, 0x00000000fa680000, 0x0000000100000000)
  eden space 495104K, 0% used [0x00000000d8500000,0x00000000d8500000,0x00000000f6880000)
  from space 15872K, 34% used [0x00000000f6880000,0x00000000f6de0040,0x00000000f7800000)
  to   space 14848K, 0% used [0x00000000f9800000,0x00000000f9800000,0x00000000fa680000)
 ParOldGen       total 129024K, used 68181K [0x0000000088e00000, 0x0000000090c00000, 0x00000000d8500000)
  object space 129024K, 52% used [0x0000000088e00000,0x000000008d095618,0x0000000090c00000)
 Metaspace       used 71561K, capacity 74692K, committed 74904K, reserved 1114112K
  class space    used 9271K, capacity 9784K, committed 9904K, reserved 1048576K
}
Event: 351.192 GC heap before
{Heap before GC invocations=85 (full 3):
 PSYoungGen      total 510976K, used 500608K [0x00000000d8500000, 0x00000000fa680000, 0x0000000100000000)
  eden space 495104K, 100% used [0x00000000d8500000,0x00000000f6880000,0x00000000f6880000)
  from space 15872K, 34% used [0x00000000f6880000,0x00000000f6de0040,0x00000000f7800000)
  to   space 14848K, 0% used [0x00000000f9800000,0x00000000f9800000,0x00000000fa680000)
 ParOldGen       total 129024K, used 68181K [0x0000000088e00000, 0x0000000090c00000, 0x00000000d8500000)
  object space 129024K, 52% used [0x0000000088e00000,0x000000008d095618,0x0000000090c00000)
 Metaspace       used 71561K, capacity 74692K, committed 74904K, reserved 1114112K
  class space    used 9271K, capacity 9784K, committed 9904K, reserved 1048576K
Event: 351.285 GC heap after
Heap after GC invocations=85 (full 3):
 PSYoungGen      total 544256K, used 5056K [0x00000000d8500000, 0x00000000faa00000, 0x0000000100000000)
  eden space 529408K, 0% used [0x00000000d8500000,0x00000000d8500000,0x00000000f8a00000)
  from space 14848K, 34% used [0x00000000f9800000,0x00000000f9cf0060,0x00000000fa680000)
  to   space 14336K, 0% used [0x00000000f8a00000,0x00000000f8a00000,0x00000000f9800000)
 ParOldGen       total 129024K, used 68197K [0x0000000088e00000, 0x0000000090c00000, 0x00000000d8500000)
  object space 129024K, 52% used [0x0000000088e00000,0x000000008d099618,0x0000000090c00000)
 Metaspace       used 71561K, capacity 74692K, committed 74904K, reserved 1114112K
  class space    used 9271K, capacity 9784K, committed 9904K, reserved 1048576K
}
Event: 353.953 GC heap before
{Heap before GC invocations=86 (full 3):
 PSYoungGen      total 544256K, used 534464K [0x00000000d8500000, 0x00000000faa00000, 0x0000000100000000)
  eden space 529408K, 100% used [0x00000000d8500000,0x00000000f8a00000,0x00000000f8a00000)
  from space 14848K, 34% used [0x00000000f9800000,0x00000000f9cf0060,0x00000000fa680000)
  to   space 14336K, 0% used [0x00000000f8a00000,0x00000000f8a00000,0x00000000f9800000)
 ParOldGen       total 129024K, used 68197K [0x0000000088e00000, 0x0000000090c00000, 0x00000000d8500000)
  object space 129024K, 52% used [0x0000000088e00000,0x000000008d099618,0x0000000090c00000)
 Metaspace       used 71562K, capacity 74692K, committed 74904K, reserved 1114112K
  class space    used 9271K, capacity 9784K, committed 9904K, reserved 1048576K
Event: 354.208 GC heap after
Heap after GC invocations=86 (full 3):
 PSYoungGen      total 543744K, used 4960K [0x00000000d8500000, 0x00000000fd980000, 0x0000000100000000)
  eden space 529408K, 0% used [0x00000000d8500000,0x00000000d8500000,0x00000000f8a00000)
  from space 14336K, 34% used [0x00000000f8a00000,0x00000000f8ed8040,0x00000000f9800000)
  to   space 13824K, 0% used [0x00000000fcc00000,0x00000000fcc00000,0x00000000fd980000)
 ParOldGen       total 129024K, used 68221K [0x0000000088e00000, 0x0000000090c00000, 0x00000000d8500000)
  object space 129024K, 52% used [0x0000000088e00000,0x000000008d09f618,0x0000000090c00000)
 Metaspace       used 71562K, capacity 74692K, committed 74904K, reserved 1114112K
  class space    used 9271K, capacity 9784K, committed 9904K, reserved 1048576K
}
Event: 357.452 GC heap before
{Heap before GC invocations=87 (full 3):
 PSYoungGen      total 543744K, used 534368K [0x00000000d8500000, 0x00000000fd980000, 0x0000000100000000)
  eden space 529408K, 100% used [0x00000000d8500000,0x00000000f8a00000,0x00000000f8a00000)
  from space 14336K, 34% used [0x00000000f8a00000,0x00000000f8ed8040,0x00000000f9800000)
  to   space 13824K, 0% used [0x00000000fcc00000,0x00000000fcc00000,0x00000000fd980000)
 ParOldGen       total 129024K, used 68221K [0x0000000088e00000, 0x0000000090c00000, 0x00000000d8500000)
  object space 129024K, 52% used [0x0000000088e00000,0x000000008d09f618,0x0000000090c00000)
 Metaspace       used 71562K, capacity 74692K, committed 74904K, reserved 1114112K
  class space    used 9271K, capacity 9784K, committed 9904K, reserved 1048576K
Event: 357.521 GC heap after
Heap after GC invocations=87 (full 3):
 PSYoungGen      total 587776K, used 5344K [0x00000000d8500000, 0x00000000fd480000, 0x0000000100000000)
  eden space 579072K, 0% used [0x00000000d8500000,0x00000000d8500000,0x00000000fba80000)
  from space 8704K, 61% used [0x00000000fcc00000,0x00000000fd138080,0x00000000fd480000)
  to   space 13312K, 0% used [0x00000000fba80000,0x00000000fba80000,0x00000000fc780000)
 ParOldGen       total 129024K, used 68245K [0x0000000088e00000, 0x0000000090c00000, 0x00000000d8500000)
  object space 129024K, 52% used [0x0000000088e00000,0x000000008d0a5618,0x0000000090c00000)
 Metaspace       used 71562K, capacity 74692K, committed 74904K, reserved 1114112K
  class space    used 9271K, capacity 9784K, committed 9904K, reserved 1048576K
}
Event: 362.789 GC heap before
{Heap before GC invocations=88 (full 3):
 PSYoungGen      total 587776K, used 584416K [0x00000000d8500000, 0x00000000fd480000, 0x0000000100000000)
  eden space 579072K, 100% used [0x00000000d8500000,0x00000000fba80000,0x00000000fba80000)
  from space 8704K, 61% used [0x00000000fcc00000,0x00000000fd138080,0x00000000fd480000)
  to   space 13312K, 0% used [0x00000000fba80000,0x00000000fba80000,0x00000000fc780000)
 ParOldGen       total 129024K, used 68245K [0x0000000088e00000, 0x0000000090c00000, 0x00000000d8500000)
  object space 129024K, 52% used [0x0000000088e00000,0x000000008d0a5618,0x0000000090c00000)
 Metaspace       used 71562K, capacity 74692K, committed 74904K, reserved 1114112K
  class space    used 9271K, capacity 9784K, committed 9904K, reserved 1048576K

